{"C:\\Users\\SatyamGupta\\OneDrive - Sphere Global Ltd\\Desktop\\h2net_fronted_project\\testui\\cloneArray.js": {"path":"C:\\Users\\SatyamGupta\\OneDrive - Sphere Global Ltd\\Desktop\\h2net_fronted_project\\testui\\cloneArray.js","statementMap":{"0":{"start":{"line":3,"column":4},"end":{"line":3,"column":21}},"1":{"start":{"line":6,"column":0},"end":{"line":6,"column":27}}},"fnMap":{"0":{"name":"cloneArray","decl":{"start":{"line":1,"column":9},"end":{"line":1,"column":19}},"loc":{"start":{"line":1,"column":26},"end":{"line":4,"column":1}},"line":1}},"branchMap":{},"s":{"0":2,"1":1},"f":{"0":2},"b":{},"_coverageSchema":"1a1c01bbd47fc00a2c39e90264f33305004495a9","hash":"83fb067fba17c294338fce78b436cf1404a32f9c"}
}
